c:\users\kun su\documents\github\worms_game\debug\vc120.pdb
c:\users\kun su\documents\github\worms_game\debug\vc120.idb
c:\users\kun su\documents\github\worms_game\debug\backgrounddef.obj
c:\users\kun su\documents\github\worms_game\debug\drawutils.obj
c:\users\kun su\documents\github\worms_game\debug\main.obj
c:\users\kun su\documents\github\worms_game\debug\static_background.obj
c:\users\kun su\documents\github\worms_game\debug\staticbackground.obj
c:\users\kun su\documents\github\worms_game\debug\cs134game1.ilk
c:\users\kun su\documents\github\worms_game\debug\cs134game1.exe
c:\users\kun su\documents\github\worms_game\debug\cs134game1.pdb
c:\users\kun su\documents\github\worms_game\debug\cs134game1.tlog\cl.command.1.tlog
c:\users\kun su\documents\github\worms_game\debug\cs134game1.tlog\cl.read.1.tlog
c:\users\kun su\documents\github\worms_game\debug\cs134game1.tlog\cl.write.1.tlog
c:\users\kun su\documents\github\worms_game\debug\cs134game1.tlog\link.3508-cvtres.read.1.tlog
c:\users\kun su\documents\github\worms_game\debug\cs134game1.tlog\link.3508-cvtres.write.1.tlog
c:\users\kun su\documents\github\worms_game\debug\cs134game1.tlog\link.3508-rc.read.1.tlog
c:\users\kun su\documents\github\worms_game\debug\cs134game1.tlog\link.3508-rc.write.1.tlog
c:\users\kun su\documents\github\worms_game\debug\cs134game1.tlog\link.3508.read.1.tlog
c:\users\kun su\documents\github\worms_game\debug\cs134game1.tlog\link.3508.write.1.tlog
c:\users\kun su\documents\github\worms_game\debug\cs134game1.tlog\link.command.1.tlog
c:\users\kun su\documents\github\worms_game\debug\cs134game1.tlog\link.read.1.tlog
c:\users\kun su\documents\github\worms_game\debug\cs134game1.tlog\link.write.1.tlog
