Build started 5/1/2016 7:14:11 PM.
     1>Project "C:\Users\Kun Su\Documents\GitHub\worms_game\CS134Game1.vcxproj" on node 2 (Build target(s)).
     1>ClCompile:
         C:\Program Files (x86)\Microsoft Visual Studio 12.0\VC\bin\CL.exe /c /ZI /nologo /W3 /WX- /sdl /Od /Oy- /D _CRT_SECURE_NO_WARNINGS /D _MBCS /Gm /EHsc /RTC1 /MDd /GS /fp:precise /Zc:wchar_t /Zc:forScope /Fo"Debug\\" /Fd"Debug\vc120.pdb" /Gd /TP /analyze- /errorReport:prompt Main.cpp
         Main.cpp
     1>c:\users\kun su\documents\github\worms_game\main.cpp(110): warning C4244: 'argument' : conversion from 'float' to 'int', possible loss of data
     1>c:\users\kun su\documents\github\worms_game\main.cpp(592): warning C4554: '&' : check operator precedence for possible error; use parentheses to clarify precedence
     1>c:\users\kun su\documents\github\worms_game\main.cpp(701): warning C4018: '<' : signed/unsigned mismatch
     1>c:\users\kun su\documents\github\worms_game\main.cpp(707): warning C4018: '<' : signed/unsigned mismatch
     1>c:\users\kun su\documents\github\worms_game\main.cpp(720): warning C4018: '<' : signed/unsigned mismatch
     1>c:\users\kun su\documents\github\worms_game\main.cpp(723): warning C4244: 'argument' : conversion from 'int' to 'float', possible loss of data
     1>c:\users\kun su\documents\github\worms_game\main.cpp(734): warning C4018: '<' : signed/unsigned mismatch
     1>c:\users\kun su\documents\github\worms_game\main.cpp(737): warning C4244: 'argument' : conversion from 'int' to 'float', possible loss of data
     1>c:\users\kun su\documents\github\worms_game\main.cpp(747): warning C4018: '<' : signed/unsigned mismatch
     1>c:\users\kun su\documents\github\worms_game\main.cpp(749): warning C4244: 'argument' : conversion from 'int' to 'float', possible loss of data
     1>c:\users\kun su\documents\github\worms_game\main.cpp(756): warning C4018: '<' : signed/unsigned mismatch
     1>c:\users\kun su\documents\github\worms_game\main.cpp(758): warning C4244: 'argument' : conversion from 'int' to 'float', possible loss of data
     1>c:\users\kun su\documents\github\worms_game\main.cpp(770): warning C4244: 'argument' : conversion from 'int' to 'float', possible loss of data
     1>c:\users\kun su\documents\github\worms_game\main.cpp(806): warning C4244: 'argument' : conversion from 'int' to 'float', possible loss of data
     1>c:\users\kun su\documents\github\worms_game\main.cpp(847): warning C4244: 'argument' : conversion from 'int' to 'float', possible loss of data
     1>c:\users\kun su\documents\github\worms_game\main.cpp(883): warning C4244: '=' : conversion from 'Uint32' to 'float', possible loss of data
     1>c:\users\kun su\documents\github\worms_game\main.cpp(960): warning C4244: 'argument' : conversion from 'float' to 'int', possible loss of data
     1>c:\users\kun su\documents\github\worms_game\main.cpp(982): warning C4244: 'argument' : conversion from 'int' to 'float', possible loss of data
     1>c:\users\kun su\documents\github\worms_game\main.cpp(989): warning C4244: 'argument' : conversion from 'int' to 'float', possible loss of data
     1>c:\users\kun su\documents\github\worms_game\main.cpp(999): warning C4244: 'argument' : conversion from 'float' to 'int', possible loss of data
     1>c:\users\kun su\documents\github\worms_game\main.cpp(1003): warning C4244: 'argument' : conversion from 'float' to 'int', possible loss of data
     1>c:\users\kun su\documents\github\worms_game\main.cpp(1011): warning C4018: '<' : signed/unsigned mismatch
     1>c:\users\kun su\documents\github\worms_game\main.cpp(1015): warning C4244: 'argument' : conversion from 'float' to 'int', possible loss of data
       Link:
         C:\Program Files (x86)\Microsoft Visual Studio 12.0\VC\bin\link.exe /ERRORREPORT:PROMPT /OUT:"C:\Users\Kun Su\Documents\GitHub\worms_game\Debug\CS134Game1.exe" /INCREMENTAL /NOLOGO SDL2.lib opengl32.lib glu32.lib glew32.lib kernel32.lib user32.lib gdi32.lib winspool.lib comdlg32.lib advapi32.lib shell32.lib ole32.lib oleaut32.lib uuid.lib odbc32.lib odbccp32.lib /MANIFEST /MANIFESTUAC:"level='asInvoker' uiAccess='false'" /manifest:embed /DEBUG /PDB:"C:\Users\Kun Su\Documents\GitHub\worms_game\Debug\CS134Game1.pdb" /TLBID:1 /DYNAMICBASE /NXCOMPAT /IMPLIB:"C:\Users\Kun Su\Documents\GitHub\worms_game\Debug\CS134Game1.lib" /MACHINE:X86 Debug\BackgroundDef.obj
         Debug\Main.obj
         Debug\DrawUtils.obj
         Debug\Static_Background.obj
         CS134Game1.vcxproj -> C:\Users\Kun Su\Documents\GitHub\worms_game\Debug\CS134Game1.exe
     1>Done Building Project "C:\Users\Kun Su\Documents\GitHub\worms_game\CS134Game1.vcxproj" (Build target(s)).

Build succeeded.

Time Elapsed 00:00:00.98
